<?xml version="1.0" encoding="UTF-8"?>
<testng-results ignored="0" total="2" passed="2" failed="0" skipped="0">
  <reporter-output>
  </reporter-output>
  <suite started-at="2025-01-04T02:20:50 IST" name="Test Suite" finished-at="2025-01-04T02:20:50 IST" duration-ms="52">
    <groups>
    </groups>
    <test started-at="2025-01-04T02:20:50 IST" name="Test" finished-at="2025-01-04T02:20:50 IST" duration-ms="52">
      <class name="framework.Base">
        <test-method is-config="true" signature="setup()[pri:0, instance:framework.Base@149e0f5d]" started-at="2025-01-04T02:20:50 IST" name="setup" finished-at="2025-01-04T02:20:50 IST" duration-ms="23" status="PASS">
          <reporter-output>
          </reporter-output>
        </test-method> <!-- setup -->
        <test-method signature="sampleTest()[pri:0, instance:framework.Base@149e0f5d]" started-at="2025-01-04T02:20:50 IST" name="sampleTest" finished-at="2025-01-04T02:20:50 IST" duration-ms="0" status="PASS">
          <reporter-output>
          </reporter-output>
        </test-method> <!-- sampleTest -->
        <test-method signature="sampleTest2()[pri:0, instance:framework.Base@149e0f5d]" started-at="2025-01-04T02:20:50 IST" name="sampleTest2" finished-at="2025-01-04T02:20:50 IST" duration-ms="0" status="PASS">
          <reporter-output>
          </reporter-output>
        </test-method> <!-- sampleTest2 -->
      </class> <!-- framework.Base -->
    </test> <!-- Test -->
  </suite> <!-- Test Suite -->
</testng-results>
